Unity Editor version:    2020.3.27f1 (e759542391ea)
Branch:                  2020.3/release
Build type:              Release
Batch mode:              YES
macOS version:           Version 11.6.5 (Build 20G527)
Darwin version:          20.6.0
Architecture:            x86_64
Running under Rosetta:   NO
Available memory:        16384 MB
Using pre-set license
Pro License: NO

COMMAND LINE ARGUMENTS:
/Applications/2020.3.27f1/Unity.app/Contents/MacOS/Unity
-adb2
-batchMode
-noUpm
-name
AssetImportWorker0
-projectPath
/Users/game12/2D Adventure Game
-logFile
Logs/AssetImportWorker0.log
-srvPort
50748
Successfully changed project path to: /Users/game12/2D Adventure Game
/Users/game12/2D Adventure Game
Using Asset Import Pipeline V2.
Refreshing native plugins compatible for Editor in 41.62 ms, found 3 plugins.
Preloading 0 native plugins for Editor in 0.00 ms.
Initialize engine version: 2020.3.27f1 (e759542391ea)
[Subsystems] Discovering subsystems at path /Applications/2020.3.27f1/Unity.app/Contents/Resources/UnitySubsystems
[Subsystems] Discovering subsystems at path /Users/game12/2D Adventure Game/Assets
GfxDevice: creating device client; threaded=0
2024-11-25 09:11:36.825 Unity[2259:51885] iMac preferred device: AMD Radeon Pro 5500 XT (high power)
2024-11-25 09:11:36.825 Unity[2259:51885] Metal devices available: 1
2024-11-25 09:11:36.825 Unity[2259:51885] 0: AMD Radeon Pro 5500 XT (high power)
2024-11-25 09:11:36.825 Unity[2259:51885] Using device AMD Radeon Pro 5500 XT (high power)
Initializing Metal device caps: AMD Radeon Pro 5500 XT
Initialize mono
Mono path[0] = '/Applications/2020.3.27f1/Unity.app/Contents/Managed'
Mono path[1] = '/Applications/2020.3.27f1/Unity.app/Contents/MonoBleedingEdge/lib/mono/unityjit'
Mono config path = '/Applications/2020.3.27f1/Unity.app/Contents/MonoBleedingEdge/etc'
Using monoOptions --debugger-agent=transport=dt_socket,embedding=1,server=y,suspend=n,address=127.0.0.1:56259
Begin MonoManager ReloadAssembly
Registering precompiled unity dll's ...
Register platform support module: /Applications/2020.3.27f1/Unity.app/Contents/PlaybackEngines/MacStandaloneSupport/UnityEditor.OSXStandalone.Extensions.dll
Registered in 0.000434 seconds.
Native extension for OSXStandalone target not found
Refreshing native plugins compatible for Editor in 41.55 ms, found 3 plugins.
Preloading 0 native plugins for Editor in 0.00 ms.
Mono: successfully reloaded assembly
- Completed reload, in  0.543 seconds
Domain Reload Profiling:
	ReloadAssembly (543ms)
		BeginReloadAssembly (36ms)
			ExecutionOrderSort (0ms)
			DisableScriptedObjects (0ms)
			BackupInstance (0ms)
			ReleaseScriptingObjects (0ms)
			CreateAndSetChildDomain (1ms)
		EndReloadAssembly (443ms)
			LoadAssemblies (36ms)
			RebuildTransferFunctionScriptingTraits (0ms)
			SetupTypeCache (172ms)
			ReleaseScriptCaches (0ms)
			RebuildScriptCaches (32ms)
			SetupLoadedEditorAssemblies (166ms)
				LogAssemblyErrors (0ms)
				InitializePlatformSupportModulesInManaged (4ms)
				SetLoadedEditorAssemblies (0ms)
				RefreshPlugins (42ms)
				BeforeProcessingInitializeOnLoad (7ms)
				ProcessInitializeOnLoadAttributes (89ms)
				ProcessInitializeOnLoadMethodAttributes (25ms)
				AfterProcessingInitializeOnLoad (0ms)
				EditorAssembliesLoaded (0ms)
			ExecutionOrderSort2 (0ms)
			AwakeInstancesAfterBackupRestoration (0ms)
Platform modules already initialized, skipping
Registering precompiled user dll's ...
Registered in 0.002078 seconds.
Begin MonoManager ReloadAssembly
Native extension for OSXStandalone target not found
Refreshing native plugins compatible for Editor in 43.73 ms, found 3 plugins.
Preloading 0 native plugins for Editor in 0.00 ms.
Mono: successfully reloaded assembly
- Completed reload, in  1.134 seconds
Domain Reload Profiling:
	ReloadAssembly (1135ms)
		BeginReloadAssembly (142ms)
			ExecutionOrderSort (0ms)
			DisableScriptedObjects (4ms)
			BackupInstance (0ms)
			ReleaseScriptingObjects (0ms)
			CreateAndSetChildDomain (28ms)
		EndReloadAssembly (937ms)
			LoadAssemblies (73ms)
			RebuildTransferFunctionScriptingTraits (0ms)
			SetupTypeCache (330ms)
			ReleaseScriptCaches (0ms)
			RebuildScriptCaches (51ms)
			SetupLoadedEditorAssemblies (374ms)
				LogAssemblyErrors (0ms)
				InitializePlatformSupportModulesInManaged (3ms)
				SetLoadedEditorAssemblies (0ms)
				RefreshPlugins (44ms)
				BeforeProcessingInitializeOnLoad (54ms)
				ProcessInitializeOnLoadAttributes (256ms)
				ProcessInitializeOnLoadMethodAttributes (16ms)
				AfterProcessingInitializeOnLoad (1ms)
				EditorAssembliesLoaded (0ms)
			ExecutionOrderSort2 (0ms)
			AwakeInstancesAfterBackupRestoration (7ms)
Platform modules already initialized, skipping
Validating Project structure ... 0.003036 seconds.
Shader import version has changed; will reimport all shaders...
Upgrading shader files ...0.004421 seconds.
Application.AssetDatabase Initial Script Refresh Start
RefreshInfo: InitialScriptRefreshV2(NoUpdateAssetOptions) scanfilter:  ... 1 filters
RefreshProfiler: Total: 0.000ms
Application.AssetDatabase Initial Script Refresh End
Application.AssetDatabase.Refresh Start
Application.AssetDatabase.Refresh End
RefreshInfo: StopAssetImportingV2(ForceSynchronousImport) scanfilter: 
RefreshProfiler: Total: 0.000ms
Launching external process: /Applications/2020.3.27f1/Unity.app/Contents/Tools/UnityShaderCompiler
Launched and connected shader compiler UnityShaderCompiler after 0.01 seconds
Initializing Unity extensions:
========================================================================
Worker process is ready to serve import requests
Refreshing native plugins compatible for Editor in 0.51 ms, found 3 plugins.
Preloading 0 native plugins for Editor in 0.00 ms.
Unloading 2538 Unused Serialized files (Serialized files now loaded: 0)
System memory in use before: 229.7 MB.
System memory in use after: 228.8 MB.

Unloading 123 unused Assets to reduce memory usage. Loaded Objects now: 3006.
Total: 3.541183 ms (FindLiveObjects: 0.206695 ms CreateObjectMapping: 0.126565 ms MarkObjects: 2.701663 ms  DeleteObjects: 0.505358 ms)

AssetImportParameters requested are different than current active one (requested -> active):
  custom:video-decoder-ogg-theora: a1e56fd34408186e4bbccfd4996cb3dc -> 
  custom:container-muxer-webm: aa71ff27fc2769a1b78a27578f13a17b -> 
  custom:container-demuxer-webm: 4f35f7cbe854078d1ac9338744f61a02 -> 
  custom:container-demuxer-ogg: 62fdf1f143b41e24485cea50d1cbac27 -> 
  custom:video-encoder-webm-vp8: eb34c28f22e8b96e1ab97ce403110664 -> 
  custom:framework-osx-AVFoundation: e770b220cccbd017edd2c1fefb359320 -> 
  custom:video-decoder-webm-vp8: 9c59270c3fd7afecdb556c50c9e8de78 -> 
  custom:audio-decoder-ogg-vorbis: bf7c407c2cedff20999df2af8eb42d56 -> 
  custom:audio-encoder-webm-vorbis: bf7c407c2cedff20999df2af8eb42d56 -> 
========================================================================
Received Import Request.
  path: Assets/Script/PlayerController.cs
  artifactKey: Guid(5bd08b78721244002aac95473bf1d845) Importer(815301076,1909f56bfc062723c751e8b465ee728b)
Start importing Assets/Script/PlayerController.cs using Guid(5bd08b78721244002aac95473bf1d845) Importer(815301076,1909f56bfc062723c751e8b465ee728b)  -> (artifact id: '7c7e8a150c59fc22d00f7b0207855fa6') in 0.249572 seconds 
  Import took 0.255635 seconds .

========================================================================
Received Prepare
Registering precompiled user dll's ...
Registered in 0.003542 seconds.
Begin MonoManager ReloadAssembly
Native extension for OSXStandalone target not found
Refreshing native plugins compatible for Editor in 0.48 ms, found 3 plugins.
Preloading 0 native plugins for Editor in 0.00 ms.
Mono: successfully reloaded assembly
- Completed reload, in  1.074 seconds
Domain Reload Profiling:
	ReloadAssembly (1075ms)
		BeginReloadAssembly (115ms)
			ExecutionOrderSort (0ms)
			DisableScriptedObjects (6ms)
			BackupInstance (0ms)
			ReleaseScriptingObjects (0ms)
			CreateAndSetChildDomain (54ms)
		EndReloadAssembly (905ms)
			LoadAssemblies (83ms)
			RebuildTransferFunctionScriptingTraits (0ms)
			SetupTypeCache (322ms)
			ReleaseScriptCaches (1ms)
			RebuildScriptCaches (45ms)
			SetupLoadedEditorAssemblies (334ms)
				LogAssemblyErrors (0ms)
				InitializePlatformSupportModulesInManaged (3ms)
				SetLoadedEditorAssemblies (0ms)
				RefreshPlugins (1ms)
				BeforeProcessingInitializeOnLoad (87ms)
				ProcessInitializeOnLoadAttributes (233ms)
				ProcessInitializeOnLoadMethodAttributes (9ms)
				AfterProcessingInitializeOnLoad (1ms)
				EditorAssembliesLoaded (0ms)
			ExecutionOrderSort2 (0ms)
			AwakeInstancesAfterBackupRestoration (8ms)
Platform modules already initialized, skipping
Refreshing native plugins compatible for Editor in 0.47 ms, found 3 plugins.
Preloading 0 native plugins for Editor in 0.00 ms.
Unloading 2532 Unused Serialized files (Serialized files now loaded: 0)
System memory in use before: 234.4 MB.
System memory in use after: 234.5 MB.

Unloading 25 unused Assets to reduce memory usage. Loaded Objects now: 3009.
Total: 2.585419 ms (FindLiveObjects: 0.174526 ms CreateObjectMapping: 0.096338 ms MarkObjects: 2.233925 ms  DeleteObjects: 0.080102 ms)

AssetImportParameters requested are different than current active one (requested -> active):
  custom:video-decoder-ogg-theora: a1e56fd34408186e4bbccfd4996cb3dc -> 
  custom:container-muxer-webm: aa71ff27fc2769a1b78a27578f13a17b -> 
  custom:container-demuxer-webm: 4f35f7cbe854078d1ac9338744f61a02 -> 
  custom:container-demuxer-ogg: 62fdf1f143b41e24485cea50d1cbac27 -> 
  custom:video-encoder-webm-vp8: eb34c28f22e8b96e1ab97ce403110664 -> 
  custom:framework-osx-AVFoundation: e770b220cccbd017edd2c1fefb359320 -> 
  custom:video-decoder-webm-vp8: 9c59270c3fd7afecdb556c50c9e8de78 -> 
  custom:audio-decoder-ogg-vorbis: bf7c407c2cedff20999df2af8eb42d56 -> 
  custom:audio-encoder-webm-vorbis: bf7c407c2cedff20999df2af8eb42d56 -> 
========================================================================
Received Import Request.
  Time since last request: 321.942677 seconds.
  path: Assets/UnityTechnologies/StarterAsset/Art/SugarLand/Prefabs/CollectibleHealth.prefab
  artifactKey: Guid(fcbb4f4e8959542bfa52eb607ab135c8) Importer(815301076,1909f56bfc062723c751e8b465ee728b)
Start importing Assets/UnityTechnologies/StarterAsset/Art/SugarLand/Prefabs/CollectibleHealth.prefab using Guid(fcbb4f4e8959542bfa52eb607ab135c8) Importer(815301076,1909f56bfc062723c751e8b465ee728b)  -> (artifact id: '06ee54861311c14cdb526f6fd7ebf1bf') in 0.889971 seconds 
  Import took 0.895259 seconds .

========================================================================
Received Import Request.
  Time since last request: 0.527369 seconds.
  path: Assets/UnityTechnologies/StarterAsset/Art/SugarLand/Prefabs/DamageZone.prefab
  artifactKey: Guid(305699a33aaf34065bd2dc4e8ba62ae9) Importer(815301076,1909f56bfc062723c751e8b465ee728b)
Start importing Assets/UnityTechnologies/StarterAsset/Art/SugarLand/Prefabs/DamageZone.prefab using Guid(305699a33aaf34065bd2dc4e8ba62ae9) Importer(815301076,1909f56bfc062723c751e8b465ee728b)  -> (artifact id: '667cfdcf2e92f538749a98673ef47444') in 0.010858 seconds 
  Import took 0.015728 seconds .

========================================================================
Received Import Request.
  Time since last request: 6.458310 seconds.
  path: Assets/UnityTechnologies/StarterAsset/Art/SugarLand/Prefabs/DamageZone (1).prefab
  artifactKey: Guid(2e00477166b0b428e8f3dd32f56fa297) Importer(815301076,1909f56bfc062723c751e8b465ee728b)
Start importing Assets/UnityTechnologies/StarterAsset/Art/SugarLand/Prefabs/DamageZone (1).prefab using Guid(2e00477166b0b428e8f3dd32f56fa297) Importer(815301076,1909f56bfc062723c751e8b465ee728b)  -> (artifact id: 'de86aaec2e2aa0c70dae86f1cb43d095') in 0.007579 seconds 
  Import took 0.011132 seconds .

========================================================================
Received Import Request.
  Time since last request: 9.625639 seconds.
  path: Assets/UnityTechnologies/StarterAsset/Art/SugarLand/Prefabs/DamageZone (2).prefab
  artifactKey: Guid(916444beea38f4b0fbf750ba407189bc) Importer(815301076,1909f56bfc062723c751e8b465ee728b)
Start importing Assets/UnityTechnologies/StarterAsset/Art/SugarLand/Prefabs/DamageZone (2).prefab using Guid(916444beea38f4b0fbf750ba407189bc) Importer(815301076,1909f56bfc062723c751e8b465ee728b)  -> (artifact id: 'fe0f6544f0f3042eeffc2cdb69dbf1e1') in 0.007367 seconds 
  Import took 0.010596 seconds .

========================================================================
Received Import Request.
  Time since last request: 9.940337 seconds.
  path: Assets/UnityTechnologies/StarterAsset/Art/SugarLand/Prefabs/DamageZone (3).prefab
  artifactKey: Guid(9dd4cf24029554d04aa1dd4732d8e9bf) Importer(815301076,1909f56bfc062723c751e8b465ee728b)
Start importing Assets/UnityTechnologies/StarterAsset/Art/SugarLand/Prefabs/DamageZone (3).prefab using Guid(9dd4cf24029554d04aa1dd4732d8e9bf) Importer(815301076,1909f56bfc062723c751e8b465ee728b)  -> (artifact id: '97058afc5d328ab9a618afd44127b74e') in 0.007523 seconds 
  Import took 0.010742 seconds .

========================================================================
Received Import Request.
  Time since last request: 11.902637 seconds.
  path: Assets/UnityTechnologies/StarterAsset/Art/SugarLand/Prefabs/CollectibleHealth.prefab
  artifactKey: Guid(fcbb4f4e8959542bfa52eb607ab135c8) Importer(815301076,1909f56bfc062723c751e8b465ee728b)
Start importing Assets/UnityTechnologies/StarterAsset/Art/SugarLand/Prefabs/CollectibleHealth.prefab using Guid(fcbb4f4e8959542bfa52eb607ab135c8) Importer(815301076,1909f56bfc062723c751e8b465ee728b)  -> (artifact id: '05c05696fb17d79202255cada5621b1c') in 0.006770 seconds 
  Import took 0.010192 seconds .

========================================================================
Received Import Request.
  Time since last request: 1.795651 seconds.
  path: Assets/UnityTechnologies/StarterAsset/Art/SugarLand/Prefabs/CollectibleHealth.prefab
  artifactKey: Guid(fcbb4f4e8959542bfa52eb607ab135c8) Importer(815301076,1909f56bfc062723c751e8b465ee728b)
Start importing Assets/UnityTechnologies/StarterAsset/Art/SugarLand/Prefabs/CollectibleHealth.prefab using Guid(fcbb4f4e8959542bfa52eb607ab135c8) Importer(815301076,1909f56bfc062723c751e8b465ee728b)  -> (artifact id: '3c4c2fb4ae6100b8e3fda36728c9d384') in 0.006819 seconds 
  Import took 0.010075 seconds .

========================================================================
Received Import Request.
  Time since last request: 1.408318 seconds.
  path: Assets/UnityTechnologies/StarterAsset/Art/SugarLand/Prefabs/CollectibleHealth.prefab
  artifactKey: Guid(fcbb4f4e8959542bfa52eb607ab135c8) Importer(815301076,1909f56bfc062723c751e8b465ee728b)
Start importing Assets/UnityTechnologies/StarterAsset/Art/SugarLand/Prefabs/CollectibleHealth.prefab using Guid(fcbb4f4e8959542bfa52eb607ab135c8) Importer(815301076,1909f56bfc062723c751e8b465ee728b)  -> (artifact id: 'ed176b7933bec03ad7740561158d7734') in 0.006808 seconds 
  Import took 0.010403 seconds .

========================================================================
Received Import Request.
  Time since last request: 13.946745 seconds.
  path: Assets/UnityTechnologies/StarterAsset/Art/SugarLand/Prefabs/CollectibleHealth.prefab
  artifactKey: Guid(fcbb4f4e8959542bfa52eb607ab135c8) Importer(815301076,1909f56bfc062723c751e8b465ee728b)
Start importing Assets/UnityTechnologies/StarterAsset/Art/SugarLand/Prefabs/CollectibleHealth.prefab using Guid(fcbb4f4e8959542bfa52eb607ab135c8) Importer(815301076,1909f56bfc062723c751e8b465ee728b)  -> (artifact id: '9c8379fe0663986e70352f60179a0c0b') in 0.007306 seconds 
  Import took 0.010699 seconds .

========================================================================
Received Import Request.
  Time since last request: 3.228166 seconds.
  path: Assets/UnityTechnologies/StarterAsset/Art/SugarLand/Prefabs/CollectibleHealth.prefab
  artifactKey: Guid(fcbb4f4e8959542bfa52eb607ab135c8) Importer(815301076,1909f56bfc062723c751e8b465ee728b)
Start importing Assets/UnityTechnologies/StarterAsset/Art/SugarLand/Prefabs/CollectibleHealth.prefab using Guid(fcbb4f4e8959542bfa52eb607ab135c8) Importer(815301076,1909f56bfc062723c751e8b465ee728b)  -> (artifact id: 'd323d2a6c11386260392b4c18bd76eef') in 0.007019 seconds 
  Import took 0.010505 seconds .

========================================================================
Received Import Request.
  Time since last request: 4.026029 seconds.
  path: Assets/UnityTechnologies/StarterAsset/Art/SugarLand/Prefabs/CollectibleHealth.prefab
  artifactKey: Guid(fcbb4f4e8959542bfa52eb607ab135c8) Importer(815301076,1909f56bfc062723c751e8b465ee728b)
Start importing Assets/UnityTechnologies/StarterAsset/Art/SugarLand/Prefabs/CollectibleHealth.prefab using Guid(fcbb4f4e8959542bfa52eb607ab135c8) Importer(815301076,1909f56bfc062723c751e8b465ee728b)  -> (artifact id: '148f8474b85cbf916af08a53fd6318fa') in 0.006938 seconds 
  Import took 0.010349 seconds .

========================================================================
Received Import Request.
  Time since last request: 4.033760 seconds.
  path: Assets/UnityTechnologies/StarterAsset/Art/SugarLand/Prefabs/CollectibleHealth.prefab
  artifactKey: Guid(fcbb4f4e8959542bfa52eb607ab135c8) Importer(815301076,1909f56bfc062723c751e8b465ee728b)
Start importing Assets/UnityTechnologies/StarterAsset/Art/SugarLand/Prefabs/CollectibleHealth.prefab using Guid(fcbb4f4e8959542bfa52eb607ab135c8) Importer(815301076,1909f56bfc062723c751e8b465ee728b)  -> (artifact id: '75fef13fbc0011d9991ae5c405589714') in 0.006742 seconds 
  Import took 0.010249 seconds .

========================================================================
Received Import Request.
  Time since last request: 36.470714 seconds.
  path: Assets/UnityTechnologies/StarterAsset/Art/SugarLand/Prefabs/DamageZone.prefab
  artifactKey: Guid(305699a33aaf34065bd2dc4e8ba62ae9) Importer(815301076,1909f56bfc062723c751e8b465ee728b)
Start importing Assets/UnityTechnologies/StarterAsset/Art/SugarLand/Prefabs/DamageZone.prefab using Guid(305699a33aaf34065bd2dc4e8ba62ae9) Importer(815301076,1909f56bfc062723c751e8b465ee728b)  -> (artifact id: 'b94971954373907e4b38c67490707ecf') in 0.007218 seconds 
  Import took 0.010683 seconds .

========================================================================
Received Import Request.
  Time since last request: 7.057166 seconds.
  path: Assets/UnityTechnologies/StarterAsset/Art/SugarLand/Prefabs/DamageZone.prefab
  artifactKey: Guid(305699a33aaf34065bd2dc4e8ba62ae9) Importer(815301076,1909f56bfc062723c751e8b465ee728b)
Start importing Assets/UnityTechnologies/StarterAsset/Art/SugarLand/Prefabs/DamageZone.prefab using Guid(305699a33aaf34065bd2dc4e8ba62ae9) Importer(815301076,1909f56bfc062723c751e8b465ee728b)  -> (artifact id: '0fedcbc95068399cf64450ccdf4a07db') in 0.006856 seconds 
  Import took 0.010260 seconds .

========================================================================
Received Import Request.
  Time since last request: 1.413512 seconds.
  path: Assets/UnityTechnologies/StarterAsset/Art/SugarLand/Prefabs/DamageZone.prefab
  artifactKey: Guid(305699a33aaf34065bd2dc4e8ba62ae9) Importer(815301076,1909f56bfc062723c751e8b465ee728b)
Start importing Assets/UnityTechnologies/StarterAsset/Art/SugarLand/Prefabs/DamageZone.prefab using Guid(305699a33aaf34065bd2dc4e8ba62ae9) Importer(815301076,1909f56bfc062723c751e8b465ee728b)  -> (artifact id: '6324d927177389388efa9a16e93f7ea9') in 0.006626 seconds 
  Import took 0.010029 seconds .

========================================================================
Received Import Request.
  Time since last request: 9.908311 seconds.
  path: Assets/UnityTechnologies/StarterAsset/Art/SugarLand/Prefabs/DamageZone.prefab
  artifactKey: Guid(305699a33aaf34065bd2dc4e8ba62ae9) Importer(815301076,1909f56bfc062723c751e8b465ee728b)
Start importing Assets/UnityTechnologies/StarterAsset/Art/SugarLand/Prefabs/DamageZone.prefab using Guid(305699a33aaf34065bd2dc4e8ba62ae9) Importer(815301076,1909f56bfc062723c751e8b465ee728b)  -> (artifact id: '04ad45c66d5e7aae707418a621d09a9c') in 0.006739 seconds 
  Import took 0.010143 seconds .

========================================================================
Received Import Request.
  Time since last request: 5.453914 seconds.
  path: Assets/UnityTechnologies/StarterAsset/Art/SugarLand/Prefabs/DamageZone.prefab
  artifactKey: Guid(305699a33aaf34065bd2dc4e8ba62ae9) Importer(815301076,1909f56bfc062723c751e8b465ee728b)
Start importing Assets/UnityTechnologies/StarterAsset/Art/SugarLand/Prefabs/DamageZone.prefab using Guid(305699a33aaf34065bd2dc4e8ba62ae9) Importer(815301076,1909f56bfc062723c751e8b465ee728b)  -> (artifact id: '1f12785b7d665f1392a42de6e7b57dd0') in 0.008015 seconds 
  Import took 0.011360 seconds .

========================================================================
Received Import Request.
  Time since last request: 5.466099 seconds.
  path: Assets/UnityTechnologies/StarterAsset/Art/SugarLand/Prefabs/DamageZone.prefab
  artifactKey: Guid(305699a33aaf34065bd2dc4e8ba62ae9) Importer(815301076,1909f56bfc062723c751e8b465ee728b)
Start importing Assets/UnityTechnologies/StarterAsset/Art/SugarLand/Prefabs/DamageZone.prefab using Guid(305699a33aaf34065bd2dc4e8ba62ae9) Importer(815301076,1909f56bfc062723c751e8b465ee728b)  -> (artifact id: '5fa14a5aa3ab7c0f459d2fa19dc396cd') in 0.007465 seconds 
  Import took 0.010676 seconds .

========================================================================
Received Import Request.
  Time since last request: 3.225546 seconds.
  path: Assets/UnityTechnologies/StarterAsset/Art/SugarLand/Prefabs/DamageZone.prefab
  artifactKey: Guid(305699a33aaf34065bd2dc4e8ba62ae9) Importer(815301076,1909f56bfc062723c751e8b465ee728b)
Start importing Assets/UnityTechnologies/StarterAsset/Art/SugarLand/Prefabs/DamageZone.prefab using Guid(305699a33aaf34065bd2dc4e8ba62ae9) Importer(815301076,1909f56bfc062723c751e8b465ee728b)  -> (artifact id: '42baa6b4b8af2b7953808830c5f2d4dc') in 0.006874 seconds 
  Import took 0.010236 seconds .

========================================================================
Received Import Request.
  Time since last request: 3.850704 seconds.
  path: Assets/UnityTechnologies/StarterAsset/Art/SugarLand/Prefabs/DamageZone.prefab
  artifactKey: Guid(305699a33aaf34065bd2dc4e8ba62ae9) Importer(815301076,1909f56bfc062723c751e8b465ee728b)
Start importing Assets/UnityTechnologies/StarterAsset/Art/SugarLand/Prefabs/DamageZone.prefab using Guid(305699a33aaf34065bd2dc4e8ba62ae9) Importer(815301076,1909f56bfc062723c751e8b465ee728b)  -> (artifact id: '08750a71674272a17d5ab7e447e595e0') in 0.006929 seconds 
  Import took 0.010168 seconds .

========================================================================
Received Import Request.
  Time since last request: 44.771116 seconds.
  path: Assets/UnityTechnologies/StarterAsset/Art/SugarLand/Prefabs/DamageZone (1).prefab
  artifactKey: Guid(2e00477166b0b428e8f3dd32f56fa297) Importer(815301076,1909f56bfc062723c751e8b465ee728b)
Start importing Assets/UnityTechnologies/StarterAsset/Art/SugarLand/Prefabs/DamageZone (1).prefab using Guid(2e00477166b0b428e8f3dd32f56fa297) Importer(815301076,1909f56bfc062723c751e8b465ee728b)  -> (artifact id: 'd3dd48e6f8f2cb367a37c7e9510834d2') in 0.006859 seconds 
  Import took 0.010185 seconds .

========================================================================
Received Import Request.
  Time since last request: 1.813336 seconds.
  path: Assets/UnityTechnologies/StarterAsset/Art/SugarLand/Prefabs/DamageZone (1).prefab
  artifactKey: Guid(2e00477166b0b428e8f3dd32f56fa297) Importer(815301076,1909f56bfc062723c751e8b465ee728b)
Start importing Assets/UnityTechnologies/StarterAsset/Art/SugarLand/Prefabs/DamageZone (1).prefab using Guid(2e00477166b0b428e8f3dd32f56fa297) Importer(815301076,1909f56bfc062723c751e8b465ee728b)  -> (artifact id: 'ecc35d82388e08aeba9803edf0ff920f') in 0.006685 seconds 
  Import took 0.009862 seconds .

========================================================================
Received Import Request.
  Time since last request: 0.999140 seconds.
  path: Assets/UnityTechnologies/StarterAsset/Art/SugarLand/Prefabs/DamageZone (1).prefab
  artifactKey: Guid(2e00477166b0b428e8f3dd32f56fa297) Importer(815301076,1909f56bfc062723c751e8b465ee728b)
Start importing Assets/UnityTechnologies/StarterAsset/Art/SugarLand/Prefabs/DamageZone (1).prefab using Guid(2e00477166b0b428e8f3dd32f56fa297) Importer(815301076,1909f56bfc062723c751e8b465ee728b)  -> (artifact id: '625f71180f059ae54ba80b98bd2e3d1a') in 0.007134 seconds 
  Import took 0.010482 seconds .

========================================================================
Received Import Request.
  Time since last request: 3.433752 seconds.
  path: Assets/UnityTechnologies/StarterAsset/Art/SugarLand/Prefabs/DamageZone (1).prefab
  artifactKey: Guid(2e00477166b0b428e8f3dd32f56fa297) Importer(815301076,1909f56bfc062723c751e8b465ee728b)
Start importing Assets/UnityTechnologies/StarterAsset/Art/SugarLand/Prefabs/DamageZone (1).prefab using Guid(2e00477166b0b428e8f3dd32f56fa297) Importer(815301076,1909f56bfc062723c751e8b465ee728b)  -> (artifact id: 'b8cfc4702a95d9e200e3f2ee27ecd7d3') in 0.006952 seconds 
  Import took 0.010256 seconds .

========================================================================
Received Import Request.
  Time since last request: 3.013971 seconds.
  path: Assets/UnityTechnologies/StarterAsset/Art/SugarLand/Prefabs/DamageZone (1).prefab
  artifactKey: Guid(2e00477166b0b428e8f3dd32f56fa297) Importer(815301076,1909f56bfc062723c751e8b465ee728b)
Start importing Assets/UnityTechnologies/StarterAsset/Art/SugarLand/Prefabs/DamageZone (1).prefab using Guid(2e00477166b0b428e8f3dd32f56fa297) Importer(815301076,1909f56bfc062723c751e8b465ee728b)  -> (artifact id: 'cda67007e307b1f9ffd8e78f7d41a669') in 0.006909 seconds 
  Import took 0.010203 seconds .

========================================================================
Received Import Request.
  Time since last request: 3.022170 seconds.
  path: Assets/UnityTechnologies/StarterAsset/Art/SugarLand/Prefabs/DamageZone (1).prefab
  artifactKey: Guid(2e00477166b0b428e8f3dd32f56fa297) Importer(815301076,1909f56bfc062723c751e8b465ee728b)
Start importing Assets/UnityTechnologies/StarterAsset/Art/SugarLand/Prefabs/DamageZone (1).prefab using Guid(2e00477166b0b428e8f3dd32f56fa297) Importer(815301076,1909f56bfc062723c751e8b465ee728b)  -> (artifact id: 'b893e57c6fb67361a9692b2d96d18eab') in 0.007202 seconds 
  Import took 0.010431 seconds .

========================================================================
Received Import Request.
  Time since last request: 3.226104 seconds.
  path: Assets/UnityTechnologies/StarterAsset/Art/SugarLand/Prefabs/DamageZone (1).prefab
  artifactKey: Guid(2e00477166b0b428e8f3dd32f56fa297) Importer(815301076,1909f56bfc062723c751e8b465ee728b)
Start importing Assets/UnityTechnologies/StarterAsset/Art/SugarLand/Prefabs/DamageZone (1).prefab using Guid(2e00477166b0b428e8f3dd32f56fa297) Importer(815301076,1909f56bfc062723c751e8b465ee728b)  -> (artifact id: 'aa2a24e6a59b44e5cc88aef0e1bdb3d5') in 0.007003 seconds 
  Import took 0.010392 seconds .

========================================================================
Received Import Request.
  Time since last request: 10.965325 seconds.
  path: Assets/UnityTechnologies/StarterAsset/Art/SugarLand/Prefabs/DamageZone (2).prefab
  artifactKey: Guid(916444beea38f4b0fbf750ba407189bc) Importer(815301076,1909f56bfc062723c751e8b465ee728b)
Start importing Assets/UnityTechnologies/StarterAsset/Art/SugarLand/Prefabs/DamageZone (2).prefab using Guid(916444beea38f4b0fbf750ba407189bc) Importer(815301076,1909f56bfc062723c751e8b465ee728b)  -> (artifact id: 'b04964cfaf9c6e77841b9969c1fef3a7') in 0.006678 seconds 
  Import took 0.010210 seconds .

========================================================================
Received Import Request.
  Time since last request: 2.412593 seconds.
  path: Assets/UnityTechnologies/StarterAsset/Art/SugarLand/Prefabs/DamageZone (2).prefab
  artifactKey: Guid(916444beea38f4b0fbf750ba407189bc) Importer(815301076,1909f56bfc062723c751e8b465ee728b)
Start importing Assets/UnityTechnologies/StarterAsset/Art/SugarLand/Prefabs/DamageZone (2).prefab using Guid(916444beea38f4b0fbf750ba407189bc) Importer(815301076,1909f56bfc062723c751e8b465ee728b)  -> (artifact id: '8d0be8a3e141c35dd592b5602b4623e4') in 0.007061 seconds 
  Import took 0.010336 seconds .

========================================================================
Received Import Request.
  Time since last request: 0.797378 seconds.
  path: Assets/UnityTechnologies/StarterAsset/Art/SugarLand/Prefabs/DamageZone (2).prefab
  artifactKey: Guid(916444beea38f4b0fbf750ba407189bc) Importer(815301076,1909f56bfc062723c751e8b465ee728b)
Start importing Assets/UnityTechnologies/StarterAsset/Art/SugarLand/Prefabs/DamageZone (2).prefab using Guid(916444beea38f4b0fbf750ba407189bc) Importer(815301076,1909f56bfc062723c751e8b465ee728b)  -> (artifact id: 'bd94f8b471f6336c7435777dbe310217') in 0.006719 seconds 
  Import took 0.009942 seconds .

========================================================================
Received Import Request.
  Time since last request: 3.639063 seconds.
  path: Assets/UnityTechnologies/StarterAsset/Art/SugarLand/Prefabs/DamageZone (2).prefab
  artifactKey: Guid(916444beea38f4b0fbf750ba407189bc) Importer(815301076,1909f56bfc062723c751e8b465ee728b)
Start importing Assets/UnityTechnologies/StarterAsset/Art/SugarLand/Prefabs/DamageZone (2).prefab using Guid(916444beea38f4b0fbf750ba407189bc) Importer(815301076,1909f56bfc062723c751e8b465ee728b)  -> (artifact id: 'e77616c9ec301eeddb3676f2f6600c16') in 0.006866 seconds 
  Import took 0.010240 seconds .

========================================================================
Received Import Request.
  Time since last request: 5.057714 seconds.
  path: Assets/UnityTechnologies/StarterAsset/Art/SugarLand/Prefabs/DamageZone (2).prefab
  artifactKey: Guid(916444beea38f4b0fbf750ba407189bc) Importer(815301076,1909f56bfc062723c751e8b465ee728b)
Start importing Assets/UnityTechnologies/StarterAsset/Art/SugarLand/Prefabs/DamageZone (2).prefab using Guid(916444beea38f4b0fbf750ba407189bc) Importer(815301076,1909f56bfc062723c751e8b465ee728b)  -> (artifact id: 'a486af2d661c5abd0d9d3f89053bc985') in 0.006840 seconds 
  Import took 0.010283 seconds .

========================================================================
Received Import Request.
  Time since last request: 3.013514 seconds.
  path: Assets/UnityTechnologies/StarterAsset/Art/SugarLand/Prefabs/DamageZone (2).prefab
  artifactKey: Guid(916444beea38f4b0fbf750ba407189bc) Importer(815301076,1909f56bfc062723c751e8b465ee728b)
Start importing Assets/UnityTechnologies/StarterAsset/Art/SugarLand/Prefabs/DamageZone (2).prefab using Guid(916444beea38f4b0fbf750ba407189bc) Importer(815301076,1909f56bfc062723c751e8b465ee728b)  -> (artifact id: '8e053bfd7c927a72b97ddbb04bd5834c') in 0.008134 seconds 
  Import took 0.011402 seconds .

========================================================================
Received Import Request.
  Time since last request: 4.632070 seconds.
  path: Assets/UnityTechnologies/StarterAsset/Art/SugarLand/Prefabs/DamageZone (2).prefab
  artifactKey: Guid(916444beea38f4b0fbf750ba407189bc) Importer(815301076,1909f56bfc062723c751e8b465ee728b)
Start importing Assets/UnityTechnologies/StarterAsset/Art/SugarLand/Prefabs/DamageZone (2).prefab using Guid(916444beea38f4b0fbf750ba407189bc) Importer(815301076,1909f56bfc062723c751e8b465ee728b)  -> (artifact id: '9085f564efe4fc73d562db72e6de1b2c') in 0.007461 seconds 
  Import took 0.010725 seconds .

========================================================================
Received Import Request.
  Time since last request: 9.104675 seconds.
  path: Assets/UnityTechnologies/StarterAsset/Art/SugarLand/Prefabs/DamageZone (3).prefab
  artifactKey: Guid(9dd4cf24029554d04aa1dd4732d8e9bf) Importer(815301076,1909f56bfc062723c751e8b465ee728b)
Start importing Assets/UnityTechnologies/StarterAsset/Art/SugarLand/Prefabs/DamageZone (3).prefab using Guid(9dd4cf24029554d04aa1dd4732d8e9bf) Importer(815301076,1909f56bfc062723c751e8b465ee728b)  -> (artifact id: '813f5e5bbed0eb26f327936c5f726a14') in 0.008024 seconds 
  Import took 0.011515 seconds .

========================================================================
Received Import Request.
  Time since last request: 0.790309 seconds.
  path: Assets/UnityTechnologies/StarterAsset/Art/SugarLand/Prefabs/DamageZone (3).prefab
  artifactKey: Guid(9dd4cf24029554d04aa1dd4732d8e9bf) Importer(815301076,1909f56bfc062723c751e8b465ee728b)
Start importing Assets/UnityTechnologies/StarterAsset/Art/SugarLand/Prefabs/DamageZone (3).prefab using Guid(9dd4cf24029554d04aa1dd4732d8e9bf) Importer(815301076,1909f56bfc062723c751e8b465ee728b)  -> (artifact id: '236070c0fef1847cb35f9ef79fc28133') in 0.007361 seconds 
  Import took 0.010794 seconds .

========================================================================
Received Import Request.
  Time since last request: 1.001674 seconds.
  path: Assets/UnityTechnologies/StarterAsset/Art/SugarLand/Prefabs/DamageZone (3).prefab
  artifactKey: Guid(9dd4cf24029554d04aa1dd4732d8e9bf) Importer(815301076,1909f56bfc062723c751e8b465ee728b)
Start importing Assets/UnityTechnologies/StarterAsset/Art/SugarLand/Prefabs/DamageZone (3).prefab using Guid(9dd4cf24029554d04aa1dd4732d8e9bf) Importer(815301076,1909f56bfc062723c751e8b465ee728b)  -> (artifact id: '273f1eae79a3a2582cc7f334ed9d325c') in 0.006873 seconds 
  Import took 0.010048 seconds .

========================================================================
Received Import Request.
  Time since last request: 3.828333 seconds.
  path: Assets/UnityTechnologies/StarterAsset/Art/SugarLand/Prefabs/DamageZone (3).prefab
  artifactKey: Guid(9dd4cf24029554d04aa1dd4732d8e9bf) Importer(815301076,1909f56bfc062723c751e8b465ee728b)
Start importing Assets/UnityTechnologies/StarterAsset/Art/SugarLand/Prefabs/DamageZone (3).prefab using Guid(9dd4cf24029554d04aa1dd4732d8e9bf) Importer(815301076,1909f56bfc062723c751e8b465ee728b)  -> (artifact id: 'bf05afecdab65a158fa0b07fc865dd0c') in 0.007132 seconds 
  Import took 0.010448 seconds .

========================================================================
Received Import Request.
  Time since last request: 3.828349 seconds.
  path: Assets/UnityTechnologies/StarterAsset/Art/SugarLand/Prefabs/DamageZone (3).prefab
  artifactKey: Guid(9dd4cf24029554d04aa1dd4732d8e9bf) Importer(815301076,1909f56bfc062723c751e8b465ee728b)
Start importing Assets/UnityTechnologies/StarterAsset/Art/SugarLand/Prefabs/DamageZone (3).prefab using Guid(9dd4cf24029554d04aa1dd4732d8e9bf) Importer(815301076,1909f56bfc062723c751e8b465ee728b)  -> (artifact id: '11b9c2bc410d3a3175c3fd0d6e44b4cb') in 0.006986 seconds 
  Import took 0.010246 seconds .

========================================================================
Received Import Request.
  Time since last request: 3.635116 seconds.
  path: Assets/UnityTechnologies/StarterAsset/Art/SugarLand/Prefabs/DamageZone (3).prefab
  artifactKey: Guid(9dd4cf24029554d04aa1dd4732d8e9bf) Importer(815301076,1909f56bfc062723c751e8b465ee728b)
Start importing Assets/UnityTechnologies/StarterAsset/Art/SugarLand/Prefabs/DamageZone (3).prefab using Guid(9dd4cf24029554d04aa1dd4732d8e9bf) Importer(815301076,1909f56bfc062723c751e8b465ee728b)  -> (artifact id: '6a6cd07c6b62d0024d675e7f5481bd3a') in 0.010645 seconds 
  Import took 0.014710 seconds .

========================================================================
Received Import Request.
  Time since last request: 6.426778 seconds.
  path: Assets/UnityTechnologies/StarterAsset/Art/SugarLand/Prefabs/DamageZone (3).prefab
  artifactKey: Guid(9dd4cf24029554d04aa1dd4732d8e9bf) Importer(815301076,1909f56bfc062723c751e8b465ee728b)
Start importing Assets/UnityTechnologies/StarterAsset/Art/SugarLand/Prefabs/DamageZone (3).prefab using Guid(9dd4cf24029554d04aa1dd4732d8e9bf) Importer(815301076,1909f56bfc062723c751e8b465ee728b)  -> (artifact id: '5d37162b5c4bf0ba4104318b05b421a4') in 0.007052 seconds 
  Import took 0.010548 seconds .

========================================================================
Received Import Request.
  Time since last request: 60.445055 seconds.
  path: Assets/Script/DamageZone.cs
  artifactKey: Guid(53289e7eb15f94274ae03046be9a41f9) Importer(815301076,1909f56bfc062723c751e8b465ee728b)
Start importing Assets/Script/DamageZone.cs using Guid(53289e7eb15f94274ae03046be9a41f9) Importer(815301076,1909f56bfc062723c751e8b465ee728b)  -> (artifact id: '695cba4aa4ee1188759ebe125cfbbbf8') in 0.002805 seconds 
  Import took 0.005956 seconds .

========================================================================
Received Prepare
Registering precompiled user dll's ...
Registered in 0.003851 seconds.
Begin MonoManager ReloadAssembly
Native extension for OSXStandalone target not found
Refreshing native plugins compatible for Editor in 0.46 ms, found 3 plugins.
Preloading 0 native plugins for Editor in 0.00 ms.
Mono: successfully reloaded assembly
- Completed reload, in  1.004 seconds
Domain Reload Profiling:
	ReloadAssembly (1004ms)
		BeginReloadAssembly (106ms)
			ExecutionOrderSort (0ms)
			DisableScriptedObjects (5ms)
			BackupInstance (0ms)
			ReleaseScriptingObjects (0ms)
			CreateAndSetChildDomain (53ms)
		EndReloadAssembly (844ms)
			LoadAssemblies (64ms)
			RebuildTransferFunctionScriptingTraits (0ms)
			SetupTypeCache (309ms)
			ReleaseScriptCaches (1ms)
			RebuildScriptCaches (43ms)
			SetupLoadedEditorAssemblies (315ms)
				LogAssemblyErrors (0ms)
				InitializePlatformSupportModulesInManaged (3ms)
				SetLoadedEditorAssemblies (0ms)
				RefreshPlugins (0ms)
				BeforeProcessingInitializeOnLoad (82ms)
				ProcessInitializeOnLoadAttributes (218ms)
				ProcessInitializeOnLoadMethodAttributes (10ms)
				AfterProcessingInitializeOnLoad (1ms)
				EditorAssembliesLoaded (0ms)
			ExecutionOrderSort2 (0ms)
			AwakeInstancesAfterBackupRestoration (8ms)
Platform modules already initialized, skipping
Refreshing native plugins compatible for Editor in 0.47 ms, found 3 plugins.
Preloading 0 native plugins for Editor in 0.00 ms.
Unloading 2533 Unused Serialized files (Serialized files now loaded: 0)
System memory in use before: 239.2 MB.
System memory in use after: 239.3 MB.

Unloading 24 unused Assets to reduce memory usage. Loaded Objects now: 3018.
Total: 2.753302 ms (FindLiveObjects: 0.185896 ms CreateObjectMapping: 0.101565 ms MarkObjects: 2.381177 ms  DeleteObjects: 0.084011 ms)

AssetImportParameters requested are different than current active one (requested -> active):
  custom:video-decoder-ogg-theora: a1e56fd34408186e4bbccfd4996cb3dc -> 
  custom:container-muxer-webm: aa71ff27fc2769a1b78a27578f13a17b -> 
  custom:container-demuxer-webm: 4f35f7cbe854078d1ac9338744f61a02 -> 
  custom:container-demuxer-ogg: 62fdf1f143b41e24485cea50d1cbac27 -> 
  custom:video-encoder-webm-vp8: eb34c28f22e8b96e1ab97ce403110664 -> 
  custom:framework-osx-AVFoundation: e770b220cccbd017edd2c1fefb359320 -> 
  custom:video-decoder-webm-vp8: 9c59270c3fd7afecdb556c50c9e8de78 -> 
  custom:audio-decoder-ogg-vorbis: bf7c407c2cedff20999df2af8eb42d56 -> 
  custom:audio-encoder-webm-vorbis: bf7c407c2cedff20999df2af8eb42d56 -> 
========================================================================
Received Import Request.
  Time since last request: 24.934602 seconds.
  path: Assets/Script/HealthCollectible.cs
  artifactKey: Guid(627bd03e6fe3d4b45be3416183824562) Importer(815301076,1909f56bfc062723c751e8b465ee728b)
Start importing Assets/Script/HealthCollectible.cs using Guid(627bd03e6fe3d4b45be3416183824562) Importer(815301076,1909f56bfc062723c751e8b465ee728b)  -> (artifact id: '1b840de81b7c7c647bc63090245e7ff4') in 0.004261 seconds 
  Import took 0.007455 seconds .

========================================================================
Received Prepare
Registering precompiled user dll's ...
Registered in 0.004119 seconds.
Begin MonoManager ReloadAssembly
Native extension for OSXStandalone target not found
Refreshing native plugins compatible for Editor in 0.46 ms, found 3 plugins.
Preloading 0 native plugins for Editor in 0.00 ms.
Mono: successfully reloaded assembly
- Completed reload, in  1.007 seconds
Domain Reload Profiling:
	ReloadAssembly (1007ms)
		BeginReloadAssembly (108ms)
			ExecutionOrderSort (0ms)
			DisableScriptedObjects (5ms)
			BackupInstance (0ms)
			ReleaseScriptingObjects (0ms)
			CreateAndSetChildDomain (54ms)
		EndReloadAssembly (846ms)
			LoadAssemblies (64ms)
			RebuildTransferFunctionScriptingTraits (0ms)
			SetupTypeCache (311ms)
			ReleaseScriptCaches (1ms)
			RebuildScriptCaches (44ms)
			SetupLoadedEditorAssemblies (309ms)
				LogAssemblyErrors (0ms)
				InitializePlatformSupportModulesInManaged (3ms)
				SetLoadedEditorAssemblies (0ms)
				RefreshPlugins (0ms)
				BeforeProcessingInitializeOnLoad (85ms)
				ProcessInitializeOnLoadAttributes (210ms)
				ProcessInitializeOnLoadMethodAttributes (9ms)
				AfterProcessingInitializeOnLoad (1ms)
				EditorAssembliesLoaded (0ms)
			ExecutionOrderSort2 (0ms)
			AwakeInstancesAfterBackupRestoration (8ms)
Platform modules already initialized, skipping
Refreshing native plugins compatible for Editor in 0.41 ms, found 3 plugins.
Preloading 0 native plugins for Editor in 0.00 ms.
Unloading 2533 Unused Serialized files (Serialized files now loaded: 0)
System memory in use before: 239.5 MB.
System memory in use after: 239.5 MB.

Unloading 24 unused Assets to reduce memory usage. Loaded Objects now: 3020.
Total: 2.566579 ms (FindLiveObjects: 0.161909 ms CreateObjectMapping: 0.088888 ms MarkObjects: 2.237584 ms  DeleteObjects: 0.077585 ms)

AssetImportParameters requested are different than current active one (requested -> active):
  custom:video-decoder-ogg-theora: a1e56fd34408186e4bbccfd4996cb3dc -> 
  custom:container-muxer-webm: aa71ff27fc2769a1b78a27578f13a17b -> 
  custom:container-demuxer-webm: 4f35f7cbe854078d1ac9338744f61a02 -> 
  custom:container-demuxer-ogg: 62fdf1f143b41e24485cea50d1cbac27 -> 
  custom:video-encoder-webm-vp8: eb34c28f22e8b96e1ab97ce403110664 -> 
  custom:framework-osx-AVFoundation: e770b220cccbd017edd2c1fefb359320 -> 
  custom:video-decoder-webm-vp8: 9c59270c3fd7afecdb556c50c9e8de78 -> 
  custom:audio-decoder-ogg-vorbis: bf7c407c2cedff20999df2af8eb42d56 -> 
  custom:audio-encoder-webm-vorbis: bf7c407c2cedff20999df2af8eb42d56 -> 
AssetImportWorkerClient::OnTransportError - code=2 error=End of file
